-------------------------------------------------------------------------------
Test set: com.musiclibrary.service.PlaylistServiceTest
-------------------------------------------------------------------------------
Tests run: 9, Failures: 0, Errors: 1, Skipped: 0, Time elapsed: 1.051 s <<< FAILURE! -- in com.musiclibrary.service.PlaylistServiceTest
com.musiclibrary.service.PlaylistServiceTest.addSong_alreadyExists_skips -- Time elapsed: 0.930 s <<< ERROR!
org.mockito.exceptions.misusing.UnnecessaryStubbingException: 

Unnecessary stubbings detected.
Clean & maintainable test code requires zero unnecessary code.
Following stubbings are unnecessary (click to navigate to relevant line of code):
  1. -> at com.musiclibrary.service.PlaylistServiceTest.addSong_alreadyExists_skips(PlaylistServiceTest.java:112)
Please remove unnecessary stubbings or use 'lenient' strictness. More info: javadoc for UnnecessaryStubbingException class.
	at org.mockito.junit.jupiter.MockitoExtension.afterEach(MockitoExtension.java:192)
	at java.base/java.util.ArrayList.forEach(ArrayList.java:1596)
	at java.base/java.util.ArrayList.forEach(ArrayList.java:1596)

