<?xml version="1.0" encoding="UTF-8"?>
<testsuite xmlns:xsi="http://www.w3.org/2001/XMLSchema-instance" xsi:noNamespaceSchemaLocation="https://maven.apache.org/surefire/maven-surefire-plugin/xsd/surefire-test-report-3.0.xsd" version="3.0" name="com.musiclibrary.MusicLibraryApplicationTests" time="9.477" tests="1" errors="0" skipped="0" failures="0">
  <properties>
[...]
</properties>
  <testcase name="contextLoads" classname="com.musiclibrary.MusicLibraryApplicationTests" time="0.391">
    <system-out><![CDATA[09:24:47.290 [main] INFO org.springframework.test.context.support.AnnotationConfigContextLoaderUtils -- Could not detect default configuration classes for test class [com.musiclibrary.MusicLibraryApplicationTests]: MusicLibraryApplicationTests does not declare any static, non-private, non-final, nested classes annotated with @Configuration.
09:24:47.405 [main] INFO org.springframework.boot.test.context.SpringBootTestContextBootstrapper -- Found @SpringBootConfiguration com.musiclibrary.MusicLibraryApplication for test class com.musiclibrary.MusicLibraryApplicationTests
09:24:47.566 [main] INFO org.springframework.boot.devtools.restart.RestartApplicationListener -- Restart disabled due to context in which it is running

  .   ____          _            __ _ _
 /\\ / ___'_ __ _ _(_)_ __  __ _ \ \ \ \
( ( )\___ | '_ | '_| | '_ \/ _` | \ \ \ \
 \\/  ___)| |_)| | | | | || (_| |  ) ) ) )
  '  |____| .__|_| |_|_| |_\__, | / / / /
 =========|_|==============|___/=/_/_/_/
 :: Spring Boot ::                (v3.2.0)

2026-03-27T09:24:47.779+05:30  INFO 15192 --- [Music Library Management System] [           main] c.m.MusicLibraryApplicationTests         : Starting MusicLibraryApplicationTests using Java 21.0.6 with PID 15192 (started by gagan in C:\Users\gagan\OneDrive\Desktop\New folder (2))
2026-03-27T09:24:47.783+05:30  INFO 15192 --- [Music Library Management System] [           main] c.m.MusicLibraryApplicationTests         : The following 1 profile is active: "test"
2026-03-27T09:24:50.782+05:30  WARN 15192 --- [Music Library Management System] [           main] org.hibernate.orm.deprecation            : HHH90000025: H2Dialect does not need to be specified explicitly using 'hibernate.dialect' (remove the property setting and it will be selected by default)
2026-03-27T09:24:52.129+05:30 DEBUG 15192 --- [Music Library Management System] [           main] org.hibernate.SQL                        : 
    drop table if exists playlist_songs cascade 
2026-03-27T09:24:52.134+05:30 DEBUG 15192 --- [Music Library Management System] [           main] org.hibernate.SQL                        : 
    drop table if exists playlists cascade 
2026-03-27T09:24:52.134+05:30 DEBUG 15192 --- [Music Library Management System] [           main] org.hibernate.SQL                        : 
    drop table if exists roles cascade 
2026-03-27T09:24:52.135+05:30 DEBUG 15192 --- [Music Library Management System] [           main] org.hibernate.SQL                        : 
    drop table if exists songs cascade 
2026-03-27T09:24:52.135+05:30 DEBUG 15192 --- [Music Library Management System] [           main] org.hibernate.SQL                        : 
    drop table if exists user_roles cascade 
2026-03-27T09:24:52.135+05:30 DEBUG 15192 --- [Music Library Management System] [           main] org.hibernate.SQL                        : 
    drop table if exists users cascade 
2026-03-27T09:24:52.140+05:30 DEBUG 15192 --- [Music Library Management System] [           main] org.hibernate.SQL                        : 
    create table playlist_songs (
        position integer,
        added_at timestamp(6),
        id bigint generated by default as identity,
        playlist_id bigint not null,
        song_id bigint not null,
        primary key (id),
        unique (playlist_id, song_id)
    )
2026-03-27T09:24:52.154+05:30 DEBUG 15192 --- [Music Library Management System] [           main] org.hibernate.SQL                        : 
    create table playlists (
        is_public boolean,
        created_at timestamp(6),
        id bigint generated by default as identity,
        owner_id bigint not null,
        updated_at timestamp(6),
        name varchar(200) not null,
        cover_image_url varchar(255),
        description TEXT,
        primary key (id)
    )
2026-03-27T09:24:52.156+05:30 DEBUG 15192 --- [Music Library Management System] [           main] org.hibernate.SQL                        : 
    create table roles (
        id bigint generated by default as identity,
        name varchar(20) not null unique check (name in ('ROLE_USER','ROLE_ADMIN')),
        primary key (id)
    )
2026-03-27T09:24:52.161+05:30 DEBUG 15192 --- [Music Library Management System] [           main] org.hibernate.SQL                        : 
    create table songs (
        duration_seconds integer,
        release_year integer,
        created_at timestamp(6),
        id bigint generated by default as identity,
        play_count bigint,
        genre varchar(50),
        album varchar(150),
        artist varchar(150) not null,
        title varchar(200) not null,
        audio_url varchar(255),
        cover_image_url varchar(255),
        lyrics TEXT,
        primary key (id)
    )
2026-03-27T09:24:52.163+05:30 DEBUG 15192 --- [Music Library Management System] [           main] org.hibernate.SQL                        : 
    create table user_roles (
        role_id bigint not null,
        user_id bigint not null,
        primary key (role_id, user_id)
    )
2026-03-27T09:24:52.164+05:30 DEBUG 15192 --- [Music Library Management System] [           main] org.hibernate.SQL                        : 
    create table users (
        is_active boolean,
        created_at timestamp(6),
        id bigint generated by default as identity,
        updated_at timestamp(6),
        username varchar(50) not null unique,
        display_name varchar(100),
        email varchar(100) not null unique,
        password varchar(255) not null,
        profile_picture varchar(255),
        primary key (id)
    )
2026-03-27T09:24:52.165+05:30 DEBUG 15192 --- [Music Library Management System] [           main] org.hibernate.SQL                        : 
    alter table if exists playlist_songs 
       add constraint FKqfutupgj870d2k31ldxqqwr8w 
       foreign key (playlist_id) 
       references playlists
2026-03-27T09:24:52.176+05:30 DEBUG 15192 --- [Music Library Management System] [           main] org.hibernate.SQL                        : 
    alter table if exists playlist_songs 
       add constraint FK5xu79gpgpc1p4tku7j6dv2skb 
       foreign key (song_id) 
       references songs
2026-03-27T09:24:52.178+05:30 DEBUG 15192 --- [Music Library Management System] [           main] org.hibernate.SQL                        : 
    alter table if exists playlists 
       add constraint FKn0r1rrm19f8j7wfl656bd9sus 
       foreign key (owner_id) 
       references users
2026-03-27T09:24:52.180+05:30 DEBUG 15192 --- [Music Library Management System] [           main] org.hibernate.SQL                        : 
    alter table if exists user_roles 
       add constraint FKh8ciramu9cc9q3qcqiv4ue8a6 
       foreign key (role_id) 
       references roles
2026-03-27T09:24:52.181+05:30 DEBUG 15192 --- [Music Library Management System] [           main] org.hibernate.SQL                        : 
    alter table if exists user_roles 
       add constraint FKhfh9dx7w3ubf1co1vdev94g3f 
       foreign key (user_id) 
       references users
2026-03-27T09:24:54.353+05:30  WARN 15192 --- [Music Library Management System] [           main] JpaBaseConfiguration$JpaWebConfiguration : spring.jpa.open-in-view is enabled by default. Therefore, database queries may be performed during view rendering. Explicitly configure spring.jpa.open-in-view to disable this warning
2026-03-27T09:24:54.871+05:30  INFO 15192 --- [Music Library Management System] [           main] o.s.s.web.DefaultSecurityFilterChain     : Will secure any request with [org.springframework.security.web.session.DisableEncodeUrlFilter@4907b487, org.springframework.security.web.context.request.async.WebAsyncManagerIntegrationFilter@758f755a, org.springframework.security.web.context.SecurityContextHolderFilter@4cb25b53, org.springframework.security.web.header.HeaderWriterFilter@60d1b2a7, org.springframework.web.filter.CorsFilter@18c805b, org.springframework.security.web.csrf.CsrfFilter@67d44ae9, org.springframework.security.web.authentication.logout.LogoutFilter@46d393cd, org.springframework.security.web.authentication.UsernamePasswordAuthenticationFilter@4adfb1f, org.springframework.security.web.session.ConcurrentSessionFilter@184e7447, org.springframework.security.web.savedrequest.RequestCacheAwareFilter@1e954b94, org.springframework.security.web.servletapi.SecurityContextHolderAwareRequestFilter@67b920c9, org.springframework.security.web.authentication.rememberme.RememberMeAuthenticationFilter@6392ecbc, org.springframework.security.web.authentication.AnonymousAuthenticationFilter@6d4f29a4, org.springframework.security.web.session.SessionManagementFilter@1ac24c17, org.springframework.security.web.access.ExceptionTranslationFilter@efac87a, org.springframework.security.web.access.intercept.AuthorizationFilter@8292c6a]
2026-03-27T09:24:55.223+05:30  INFO 15192 --- [Music Library Management System] [           main] c.m.MusicLibraryApplicationTests         : Started MusicLibraryApplicationTests in 7.67 seconds (process running for 8.628)
2026-03-27T09:24:55.348+05:30 DEBUG 15192 --- [Music Library Management System] [           main] org.hibernate.SQL                        : 
    select
        count(*) 
    from
        roles r1_0
2026-03-27T09:24:55.456+05:30 DEBUG 15192 --- [Music Library Management System] [           main] org.hibernate.SQL                        : 
    insert 
    into
        roles
        (name, id) 
    values
        (?, default)
2026-03-27T09:24:55.481+05:30 DEBUG 15192 --- [Music Library Management System] [           main] org.hibernate.SQL                        : 
    insert 
    into
        roles
        (name, id) 
    values
        (?, default)
2026-03-27T09:24:55.483+05:30  INFO 15192 --- [Music Library Management System] [           main] c.musiclibrary.config.DataInitializer    : Roles seeded.
2026-03-27T09:24:55.494+05:30 DEBUG 15192 --- [Music Library Management System] [           main] org.hibernate.SQL                        : 
    select
        count(*) 
    from
        users u1_0
2026-03-27T09:24:55.800+05:30 DEBUG 15192 --- [Music Library Management System] [           main] org.hibernate.SQL                        : 
    select
        r1_0.id,
        r1_0.name 
    from
        roles r1_0 
    where
        r1_0.name=?
2026-03-27T09:24:55.803+05:30 DEBUG 15192 --- [Music Library Management System] [           main] org.hibernate.SQL                        : 
    select
        r1_0.id,
        r1_0.name 
    from
        roles r1_0 
    where
        r1_0.name=?
2026-03-27T09:24:55.843+05:30 DEBUG 15192 --- [Music Library Management System] [           main] org.hibernate.SQL                        : 
    insert 
    into
        users
        (is_active, created_at, display_name, email, password, profile_picture, updated_at, username, id) 
    values
        (?, ?, ?, ?, ?, ?, ?, ?, default)
2026-03-27T09:24:56.110+05:30 DEBUG 15192 --- [Music Library Management System] [           main] org.hibernate.SQL                        : 
    select
        r1_0.id,
        r1_0.name 
    from
        roles r1_0 
    where
        r1_0.name=?
2026-03-27T09:24:56.114+05:30 DEBUG 15192 --- [Music Library Management System] [           main] org.hibernate.SQL                        : 
    insert 
    into
        users
        (is_active, created_at, display_name, email, password, profile_picture, updated_at, username, id) 
    values
        (?, ?, ?, ?, ?, ?, ?, ?, default)
2026-03-27T09:24:56.114+05:30  INFO 15192 --- [Music Library Management System] [           main] c.musiclibrary.config.DataInitializer    : Demo users seeded. admin/admin123  |  demo/demo123
2026-03-27T09:24:56.116+05:30 DEBUG 15192 --- [Music Library Management System] [           main] org.hibernate.SQL                        : 
    select
        count(*) 
    from
        songs s1_0
2026-03-27T09:24:56.123+05:30 DEBUG 15192 --- [Music Library Management System] [           main] org.hibernate.SQL                        : 
    insert 
    into
        songs
        (album, artist, audio_url, cover_image_url, created_at, duration_seconds, genre, lyrics, play_count, release_year, title, id) 
    values
        (?, ?, ?, ?, ?, ?, ?, ?, ?, ?, ?, default)
2026-03-27T09:24:56.123+05:30 DEBUG 15192 --- [Music Library Management System] [           main] org.hibernate.SQL                        : 
    insert 
    into
        songs
        (album, artist, audio_url, cover_image_url, created_at, duration_seconds, genre, lyrics, play_count, release_year, title, id) 
    values
        (?, ?, ?, ?, ?, ?, ?, ?, ?, ?, ?, default)
2026-03-27T09:24:56.126+05:30 DEBUG 15192 --- [Music Library Management System] [           main] org.hibernate.SQL                        : 
    insert 
    into
        songs
        (album, artist, audio_url, cover_image_url, created_at, duration_seconds, genre, lyrics, play_count, release_year, title, id) 
    values
        (?, ?, ?, ?, ?, ?, ?, ?, ?, ?, ?, default)
2026-03-27T09:24:56.126+05:30 DEBUG 15192 --- [Music Library Management System] [           main] org.hibernate.SQL                        : 
    insert 
    into
        songs
        (album, artist, audio_url, cover_image_url, created_at, duration_seconds, genre, lyrics, play_count, release_year, title, id) 
    values
        (?, ?, ?, ?, ?, ?, ?, ?, ?, ?, ?, default)
2026-03-27T09:24:56.126+05:30 DEBUG 15192 --- [Music Library Management System] [           main] org.hibernate.SQL                        : 
    insert 
    into
        songs
        (album, artist, audio_url, cover_image_url, created_at, duration_seconds, genre, lyrics, play_count, release_year, title, id) 
    values
        (?, ?, ?, ?, ?, ?, ?, ?, ?, ?, ?, default)
2026-03-27T09:24:56.126+05:30 DEBUG 15192 --- [Music Library Management System] [           main] org.hibernate.SQL                        : 
    insert 
    into
        songs
        (album, artist, audio_url, cover_image_url, created_at, duration_seconds, genre, lyrics, play_count, release_year, title, id) 
    values
        (?, ?, ?, ?, ?, ?, ?, ?, ?, ?, ?, default)
2026-03-27T09:24:56.126+05:30 DEBUG 15192 --- [Music Library Management System] [           main] org.hibernate.SQL                        : 
    insert 
    into
        songs
        (album, artist, audio_url, cover_image_url, created_at, duration_seconds, genre, lyrics, play_count, release_year, title, id) 
    values
        (?, ?, ?, ?, ?, ?, ?, ?, ?, ?, ?, default)
2026-03-27T09:24:56.126+05:30 DEBUG 15192 --- [Music Library Management System] [           main] org.hibernate.SQL                        : 
    insert 
    into
        songs
        (album, artist, audio_url, cover_image_url, created_at, duration_seconds, genre, lyrics, play_count, release_year, title, id) 
    values
        (?, ?, ?, ?, ?, ?, ?, ?, ?, ?, ?, default)
2026-03-27T09:24:56.130+05:30 DEBUG 15192 --- [Music Library Management System] [           main] org.hibernate.SQL                        : 
    insert 
    into
        songs
        (album, artist, audio_url, cover_image_url, created_at, duration_seconds, genre, lyrics, play_count, release_year, title, id) 
    values
        (?, ?, ?, ?, ?, ?, ?, ?, ?, ?, ?, default)
2026-03-27T09:24:56.130+05:30 DEBUG 15192 --- [Music Library Management System] [           main] org.hibernate.SQL                        : 
    insert 
    into
        songs
        (album, artist, audio_url, cover_image_url, created_at, duration_seconds, genre, lyrics, play_count, release_year, title, id) 
    values
        (?, ?, ?, ?, ?, ?, ?, ?, ?, ?, ?, default)
2026-03-27T09:24:56.133+05:30 DEBUG 15192 --- [Music Library Management System] [           main] org.hibernate.SQL                        : 
    insert 
    into
        songs
        (album, artist, audio_url, cover_image_url, created_at, duration_seconds, genre, lyrics, play_count, release_year, title, id) 
    values
        (?, ?, ?, ?, ?, ?, ?, ?, ?, ?, ?, default)
2026-03-27T09:24:56.133+05:30 DEBUG 15192 --- [Music Library Management System] [           main] org.hibernate.SQL                        : 
    insert 
    into
        songs
        (album, artist, audio_url, cover_image_url, created_at, duration_seconds, genre, lyrics, play_count, release_year, title, id) 
    values
        (?, ?, ?, ?, ?, ?, ?, ?, ?, ?, ?, default)
2026-03-27T09:24:56.135+05:30 DEBUG 15192 --- [Music Library Management System] [           main] org.hibernate.SQL                        : 
    insert 
    into
        songs
        (album, artist, audio_url, cover_image_url, created_at, duration_seconds, genre, lyrics, play_count, release_year, title, id) 
    values
        (?, ?, ?, ?, ?, ?, ?, ?, ?, ?, ?, default)
2026-03-27T09:24:56.135+05:30 DEBUG 15192 --- [Music Library Management System] [           main] org.hibernate.SQL                        : 
    insert 
    into
        songs
        (album, artist, audio_url, cover_image_url, created_at, duration_seconds, genre, lyrics, play_count, release_year, title, id) 
    values
        (?, ?, ?, ?, ?, ?, ?, ?, ?, ?, ?, default)
2026-03-27T09:24:56.135+05:30 DEBUG 15192 --- [Music Library Management System] [           main] org.hibernate.SQL                        : 
    insert 
    into
        songs
        (album, artist, audio_url, cover_image_url, created_at, duration_seconds, genre, lyrics, play_count, release_year, title, id) 
    values
        (?, ?, ?, ?, ?, ?, ?, ?, ?, ?, ?, default)
2026-03-27T09:24:56.135+05:30 DEBUG 15192 --- [Music Library Management System] [           main] org.hibernate.SQL                        : 
    insert 
    into
        songs
        (album, artist, audio_url, cover_image_url, created_at, duration_seconds, genre, lyrics, play_count, release_year, title, id) 
    values
        (?, ?, ?, ?, ?, ?, ?, ?, ?, ?, ?, default)
2026-03-27T09:24:56.138+05:30 DEBUG 15192 --- [Music Library Management System] [           main] org.hibernate.SQL                        : 
    insert 
    into
        songs
        (album, artist, audio_url, cover_image_url, created_at, duration_seconds, genre, lyrics, play_count, release_year, title, id) 
    values
        (?, ?, ?, ?, ?, ?, ?, ?, ?, ?, ?, default)
2026-03-27T09:24:56.138+05:30 DEBUG 15192 --- [Music Library Management System] [           main] org.hibernate.SQL                        : 
    insert 
    into
        songs
        (album, artist, audio_url, cover_image_url, created_at, duration_seconds, genre, lyrics, play_count, release_year, title, id) 
    values
        (?, ?, ?, ?, ?, ?, ?, ?, ?, ?, ?, default)
2026-03-27T09:24:56.138+05:30 DEBUG 15192 --- [Music Library Management System] [           main] org.hibernate.SQL                        : 
    insert 
    into
        songs
        (album, artist, audio_url, cover_image_url, created_at, duration_seconds, genre, lyrics, play_count, release_year, title, id) 
    values
        (?, ?, ?, ?, ?, ?, ?, ?, ?, ?, ?, default)
2026-03-27T09:24:56.142+05:30 DEBUG 15192 --- [Music Library Management System] [           main] org.hibernate.SQL                        : 
    insert 
    into
        songs
        (album, artist, audio_url, cover_image_url, created_at, duration_seconds, genre, lyrics, play_count, release_year, title, id) 
    values
        (?, ?, ?, ?, ?, ?, ?, ?, ?, ?, ?, default)
2026-03-27T09:24:56.143+05:30  INFO 15192 --- [Music Library Management System] [           main] c.musiclibrary.config.DataInitializer    : Sample songs seeded: 20 songs
2026-03-27T09:24:56.143+05:30  INFO 15192 --- [Music Library Management System] [           main] c.musiclibrary.config.DataInitializer    : === Data initialization complete ===
2026-03-27T09:24:56.151+05:30 DEBUG 15192 --- [Music Library Management System] [           main] org.hibernate.SQL                        : 
    insert 
    into
        user_roles
        (user_id, role_id) 
    values
        (?, ?)
2026-03-27T09:24:56.151+05:30 DEBUG 15192 --- [Music Library Management System] [           main] org.hibernate.SQL                        : 
    insert 
    into
        user_roles
        (user_id, role_id) 
    values
        (?, ?)
2026-03-27T09:24:56.151+05:30 DEBUG 15192 --- [Music Library Management System] [           main] org.hibernate.SQL                        : 
    insert 
    into
        user_roles
        (user_id, role_id) 
    values
        (?, ?)
]]></system-out>
    <system-err><![CDATA[WARNING: A Java agent has been loaded dynamically (C:\Users\gagan\.m2\repository\net\bytebuddy\byte-buddy-agent\1.14.10\byte-buddy-agent-1.14.10.jar)
WARNING: If a serviceability tool is in use, please run with -XX:+EnableDynamicAgentLoading to hide this warning
WARNING: If a serviceability tool is not in use, please run with -Djdk.instrument.traceUsage for more information
WARNING: Dynamic loading of agents will be disallowed by default in a future release
]]></system-err>
  </testcase>
</testsuite>